<?xml version="1.0" encoding="UTF-8"?>
<coverage generated="1420315751068" clover="3.2.0">
	<project timestamp="1420315751068"  name="All Files" >
		<metrics statements="17"  coveredstatements="15"  conditionals="6"  coveredconditionals="5"  methods="3"  coveredmethods="3"  elements="26"  coveredelements="23"  complexity="0"  packages="1"  files="1"  classes="1"  loc="25"  ncloc="25" />
		<package name="node-imdb-watchlist" >
			<metrics statements="17"  coveredstatements="15"  conditionals="6"  coveredconditionals="5"  methods="3"  coveredmethods="3" />
			<file name="index.js"  path="/Users/rolf/dev/node-imdb-watchlist/index.js" >
				<metrics statements="17"  coveredstatements="15"  conditionals="6"  coveredconditionals="5"  methods="3"  coveredmethods="3" />
				<line num="1"  count="1"  type="stmt" />
				<line num="2"  count="1"  type="stmt" />
				<line num="3"  count="1"  type="stmt" />
				<line num="6"  count="1"  type="stmt" />
				<line num="7"  count="1"  type="stmt" />
				<line num="8"  count="1"  type="stmt" />
				<line num="9"  count="1"  type="stmt" />
				<line num="10"  count="1"  type="cond"  truecount="3"  falsecount="1" />
				<line num="11"  count="1"  type="cond"  truecount="2"  falsecount="0" />
				<line num="14"  count="1"  type="stmt" />
				<line num="15"  count="1"  type="stmt" />
				<line num="16"  count="1"  type="stmt" />
				<line num="17"  count="1"  type="stmt" />
				<line num="18"  count="1"  type="stmt" />
				<line num="19"  count="0"  type="stmt" />
				<line num="20"  count="0"  type="stmt" />
				<line num="25"  count="1"  type="stmt" />
			</file>
		</package>
	</project>
</coverage>
