<?xml version="1.0" ?>
<!DOCTYPE coverage SYSTEM "http://cobertura.sourceforge.net/xml/coverage-04.dtd">
<coverage lines-valid="17"  lines-covered="15"  line-rate="0.8824"  branches-valid="6"  branches-covered="5"  branch-rate="0.8332999999999999"  timestamp="1420313600101" complexity="0" version="0.1">
<sources>
	<source>/Users/rolf/dev/node-imdb-watchlist</source>
</sources>
<packages>
	<package name="node-imdb-watchlist"  line-rate="0.8824"  branch-rate="0.8332999999999999" >
	<classes>
		<class name="index.js"  filename="index.js"  line-rate="0.8824"  branch-rate="0.8332999999999999" >
		<methods>
			<method name="(anonymous_1)"  hits="1"  signature="()V" >
				<lines><line number="6"  hits="1" /></lines>
			</method>
			<method name="(anonymous_2)"  hits="1"  signature="()V" >
				<lines><line number="7"  hits="1" /></lines>
			</method>
			<method name="(anonymous_3)"  hits="1"  signature="()V" >
				<lines><line number="9"  hits="1" /></lines>
			</method>
		</methods>
		<lines>
			<line number="1"  hits="1"  branch="false" />
			<line number="2"  hits="1"  branch="false" />
			<line number="3"  hits="1"  branch="false" />
			<line number="6"  hits="1"  branch="false" />
			<line number="7"  hits="1"  branch="false" />
			<line number="8"  hits="1"  branch="false" />
			<line number="9"  hits="1"  branch="false" />
			<line number="10"  hits="1"  branch="true"  condition-coverage="75% (3/4)" />
			<line number="11"  hits="1"  branch="true"  condition-coverage="100% (2/2)" />
			<line number="14"  hits="1"  branch="false" />
			<line number="15"  hits="1"  branch="false" />
			<line number="16"  hits="1"  branch="false" />
			<line number="17"  hits="1"  branch="false" />
			<line number="18"  hits="1"  branch="false" />
			<line number="19"  hits="0"  branch="false" />
			<line number="20"  hits="0"  branch="false" />
			<line number="25"  hits="1"  branch="false" />
		</lines>
		</class>
	</classes>
	</package>
</packages>
</coverage>
