mode: atomic
github.com/tiborv/go-bitarray/ba.go:14.46,17.31 2 27
github.com/tiborv/go-bitarray/ba.go:39.2,39.17 1 26
github.com/tiborv/go-bitarray/ba.go:18.2,20.60 2 2
github.com/tiborv/go-bitarray/ba.go:21.2,24.24 3 2
github.com/tiborv/go-bitarray/ba.go:27.2,30.27 3 21
github.com/tiborv/go-bitarray/ba.go:33.2,35.27 2 1
github.com/tiborv/go-bitarray/ba.go:36.2,37.51 1 1
github.com/tiborv/go-bitarray/ba.go:24.24,26.4 1 8
github.com/tiborv/go-bitarray/ba.go:30.27,32.4 1 72
github.com/tiborv/go-bitarray/ba.go:44.33,46.2 1 15
github.com/tiborv/go-bitarray/ba.go:49.39,50.30 1 5
github.com/tiborv/go-bitarray/ba.go:53.2,53.20 1 4
github.com/tiborv/go-bitarray/ba.go:50.30,51.39 1 1
github.com/tiborv/go-bitarray/ba.go:57.64,58.30 1 4
github.com/tiborv/go-bitarray/ba.go:61.2,61.29 1 3
github.com/tiborv/go-bitarray/ba.go:69.2,69.11 1 3
github.com/tiborv/go-bitarray/ba.go:58.30,59.39 1 1
github.com/tiborv/go-bitarray/ba.go:62.2,63.20 1 1
github.com/tiborv/go-bitarray/ba.go:64.2,65.27 1 1
github.com/tiborv/go-bitarray/ba.go:66.2,67.25 1 1
github.com/tiborv/go-bitarray/ba.go:73.47,74.30 1 4
github.com/tiborv/go-bitarray/ba.go:77.2,79.11 3 3
github.com/tiborv/go-bitarray/ba.go:74.30,75.41 1 1
github.com/tiborv/go-bitarray/ba.go:84.51,85.47 1 8
github.com/tiborv/go-bitarray/ba.go:88.2,88.64 1 6
github.com/tiborv/go-bitarray/ba.go:85.47,86.44 1 2
github.com/tiborv/go-bitarray/ba.go:93.53,95.27 2 24
github.com/tiborv/go-bitarray/ba.go:107.2,109.36 2 22
github.com/tiborv/go-bitarray/ba.go:114.2,114.15 1 22
github.com/tiborv/go-bitarray/ba.go:96.2,97.24 1 12
github.com/tiborv/go-bitarray/ba.go:98.2,99.31 1 11
github.com/tiborv/go-bitarray/ba.go:102.3,102.33 1 10
github.com/tiborv/go-bitarray/ba.go:103.2,104.58 1 1
github.com/tiborv/go-bitarray/ba.go:99.31,100.56 1 1
github.com/tiborv/go-bitarray/ba.go:109.36,110.16 1 91
github.com/tiborv/go-bitarray/ba.go:110.16,112.4 1 58
github.com/tiborv/go-bitarray/ba.go:118.52,119.25 1 5
github.com/tiborv/go-bitarray/ba.go:119.25,121.3 1 3
github.com/tiborv/go-bitarray/ba.go:121.3,121.31 1 2
github.com/tiborv/go-bitarray/ba.go:121.31,123.3 1 1
github.com/tiborv/go-bitarray/ba.go:123.3,125.3 1 1
github.com/tiborv/go-bitarray/ba.go:129.38,131.2 1 3
github.com/tiborv/go-bitarray/ba.go:134.56,135.29 1 4
github.com/tiborv/go-bitarray/ba.go:180.2,180.11 1 4
github.com/tiborv/go-bitarray/ba.go:136.2,137.38 1 1
github.com/tiborv/go-bitarray/ba.go:142.3,142.26 1 1
github.com/tiborv/go-bitarray/ba.go:146.2,147.38 1 1
github.com/tiborv/go-bitarray/ba.go:152.3,152.26 1 1
github.com/tiborv/go-bitarray/ba.go:156.2,157.38 1 1
github.com/tiborv/go-bitarray/ba.go:162.3,162.26 1 1
github.com/tiborv/go-bitarray/ba.go:166.2,168.37 2 1
github.com/tiborv/go-bitarray/ba.go:171.3,171.33 1 1
github.com/tiborv/go-bitarray/ba.go:175.2,176.52 1 0
github.com/tiborv/go-bitarray/ba.go:137.38,140.4 2 1
github.com/tiborv/go-bitarray/ba.go:142.26,145.4 2 4
github.com/tiborv/go-bitarray/ba.go:147.38,150.4 2 1
github.com/tiborv/go-bitarray/ba.go:152.26,155.4 2 4
github.com/tiborv/go-bitarray/ba.go:157.38,160.4 2 1
github.com/tiborv/go-bitarray/ba.go:162.26,165.4 2 4
github.com/tiborv/go-bitarray/ba.go:168.37,170.4 1 1
github.com/tiborv/go-bitarray/ba.go:171.33,174.4 2 4
github.com/tiborv/go-bitarray/ba.go:184.48,185.25 1 10
github.com/tiborv/go-bitarray/ba.go:188.2,188.30 1 9
github.com/tiborv/go-bitarray/ba.go:193.2,193.13 1 8
github.com/tiborv/go-bitarray/ba.go:185.25,187.3 1 1
github.com/tiborv/go-bitarray/ba.go:188.30,189.32 1 38
github.com/tiborv/go-bitarray/ba.go:189.32,191.4 1 1
github.com/tiborv/go-bitarray/ba.go:197.36,199.30 2 28
github.com/tiborv/go-bitarray/ba.go:206.2,206.23 1 28
github.com/tiborv/go-bitarray/ba.go:199.30,200.16 1 89
github.com/tiborv/go-bitarray/ba.go:200.16,202.4 1 49
github.com/tiborv/go-bitarray/ba.go:202.4,204.4 1 40
github.com/tiborv/go-bitarray/ba.go:212.52,214.20 2 11
github.com/tiborv/go-bitarray/ba.go:223.2,223.39 1 10
github.com/tiborv/go-bitarray/ba.go:226.2,226.61 1 8
github.com/tiborv/go-bitarray/ba.go:215.2,216.42 1 3
github.com/tiborv/go-bitarray/ba.go:217.2,218.35 1 7
github.com/tiborv/go-bitarray/ba.go:219.2,220.55 1 1
github.com/tiborv/go-bitarray/ba.go:223.39,224.45 1 2
